16:55:55 **** Incremental Build of configuration Nios II for project freq ****
make all 
Info: Building ../freq_bsp/
C:/intelFPGA_lite/18.1/nios2eds/bin/gnu/H-x86_64-mingw32/bin/make --no-print-directory -C ../freq_bsp/
[BSP build complete]
Info: Compiling hello_world.c to obj/default/hello_world.o
nios2-elf-gcc -xc -MP -MMD -c -I../freq_bsp//HAL/inc -I../freq_bsp/ -I../freq_bsp//drivers/inc  -pipe -D__hal__ -DALT_NO_INSTRUCTION_EMULATION -DALT_USE_SMALL_DRIVERS -DSMALL_C_LIB -DALT_SINGLE_THREADED    -O0 -g -Wall   -mno-hw-div -mhw-mul -mno-hw-mulx -mgpopt=global  -o obj/default/hello_world.o hello_world.c
Info: Linking freq.elf
nios2-elf-g++  -T'../freq_bsp//linker.x' -msys-crt0='../freq_bsp//obj/HAL/src/crt0.o' -msys-lib=hal_bsp -L../freq_bsp/  -msmallc  -Wl,-Map=freq.map   -O0 -g -Wall   -mno-hw-div -mhw-mul -mno-hw-mulx -mgpopt=global  -o freq.elf obj/default/hello_world.o -lm -msys-lib=m
nios2-elf-insert freq.elf --thread_model hal --cpu_name cpu --qsys true --simulation_enabled false --stderr_dev jtag_uart_0 --stdin_dev jtag_uart_0 --stdout_dev jtag_uart_0 --sopc_system_name nios_v1 --quartus_project_dir "Z:/projects/HMPSoC/HMPSOC/ReCOP" --jdi ../..//output_files/TopLevel.jdi --sopcinfo Z:/projects/HMPSoC/HMPSOC/ReCOP/software/freq_bsp/../../nios_v1.sopcinfo
Info: (freq.elf) 8308 Bytes program size (code + initialized data).
Info:            11 KBytes free for stack + heap.
Info: Creating freq.objdump
nios2-elf-objdump --disassemble --syms --all-header --source freq.elf >freq.objdump
[freq build complete]
16:56:16 **** Build of configuration Nios II for project freq ****
make all 
Info: Building ../freq_bsp/
C:/intelFPGA_lite/18.1/nios2eds/bin/gnu/H-x86_64-mingw32/bin/make --no-print-directory -C ../freq_bsp/
[BSP build complete]
[freq build complete]
16:57:06 **** Build of configuration Nios II for project freq ****
make all 
Info: Building ../freq_bsp/
C:/intelFPGA_lite/18.1/nios2eds/bin/gnu/H-x86_64-mingw32/bin/make --no-print-directory -C ../freq_bsp/
[BSP build complete]
[freq build complete]
16:58:07 **** Build of configuration Nios II for project freq ****
make all 
Info: Building ../freq_bsp/
C:/intelFPGA_lite/18.1/nios2eds/bin/gnu/H-x86_64-mingw32/bin/make --no-print-directory -C ../freq_bsp/
[BSP build complete]
[freq build complete]
16:59:05 **** Incremental Build of configuration Nios II for project freq ****
make all 
Info: Building ../freq_bsp/
C:/intelFPGA_lite/18.1/nios2eds/bin/gnu/H-x86_64-mingw32/bin/make --no-print-directory -C ../freq_bsp/
[BSP build complete]
[freq build complete]
