17:48:45 **** Incremental Build of configuration Nios II for project hex ****
make all 
Info: Building ../hex_bsp/
C:/intelFPGA_lite/18.1/nios2eds/bin/gnu/H-x86_64-mingw32/bin/make --no-print-directory -C ../hex_bsp/
[BSP build complete]
Info: Compiling hello_world.c to obj/default/hello_world.o
nios2-elf-gcc -xc -MP -MMD -c -I../hex_bsp//HAL/inc -I../hex_bsp/ -I../hex_bsp//drivers/inc  -pipe -D__hal__ -DALT_NO_INSTRUCTION_EMULATION -DALT_USE_SMALL_DRIVERS -DSMALL_C_LIB -DALT_SINGLE_THREADED    -O0 -g -Wall   -mno-hw-div -mhw-mul -mno-hw-mulx -mgpopt=global  -o obj/default/hello_world.o hello_world.c
hello_world.c: In function 'main':
hello_world.c:34:9: warning: implicit declaration of function 'usleep' [-Wimplicit-function-declaration]
         usleep(1000000); // Wait for 1 second
         ^
Info: Linking hex.elf
nios2-elf-g++  -T'../hex_bsp//linker.x' -msys-crt0='../hex_bsp//obj/HAL/src/crt0.o' -msys-lib=hal_bsp -L../hex_bsp/  -msmallc  -Wl,-Map=hex.map   -O0 -g -Wall   -mno-hw-div -mhw-mul -mno-hw-mulx -mgpopt=global  -o hex.elf obj/default/hello_world.o -lm -msys-lib=m
c:/intelfpga_lite/18.1/nios2eds/bin/gnu/h-x86_64-mingw32/bin/../lib/gcc/nios2-elf/5.3.0/../../../../../H-x86_64-mingw32/nios2-elf/bin/ld.exe: hex.elf section `.text' will not fit in region `onchip_memory'
c:/intelfpga_lite/18.1/nios2eds/bin/gnu/h-x86_64-mingw32/bin/../lib/gcc/nios2-elf/5.3.0/../../../../../H-x86_64-mingw32/nios2-elf/bin/ld.exe: address 0x318c of hex.elf section `.rwdata' is not within region `onchip_memory'
c:/intelfpga_lite/18.1/nios2eds/bin/gnu/h-x86_64-mingw32/bin/../lib/gcc/nios2-elf/5.3.0/../../../../../H-x86_64-mingw32/nios2-elf/bin/ld.exe: address 0x358c of hex.elf section `.bss' is not within region `onchip_memory'
c:/intelfpga_lite/18.1/nios2eds/bin/gnu/h-x86_64-mingw32/bin/../lib/gcc/nios2-elf/5.3.0/../../../../../H-x86_64-mingw32/nios2-elf/bin/ld.exe: address 0x318c of hex.elf section `.rwdata' is not within region `onchip_memory'
c:/intelfpga_lite/18.1/nios2eds/bin/gnu/h-x86_64-mingw32/bin/../lib/gcc/nios2-elf/5.3.0/../../../../../H-x86_64-mingw32/nios2-elf/bin/ld.exe: address 0x358c of hex.elf section `.bss' is not within region `onchip_memory'
c:/intelfpga_lite/18.1/nios2eds/bin/gnu/h-x86_64-mingw32/bin/../lib/gcc/nios2-elf/5.3.0/../../../../../H-x86_64-mingw32/nios2-elf/bin/ld.exe: region `onchip_memory' overflowed by 5516 bytes
collect2.exe: error: ld returned 1 exit status
make: *** [hex.elf] Error 1

17:48:51 Build Finished (took 6s.273ms)

